Info: Starting: Create block symbol file (.bsf)
Info: qsys-generate D:\Proyectos\quartus-projects\video-vga-assembly\hardware\qsys\video_system.qsys --block-symbol-file --output-directory=D:\Proyectos\quartus-projects\video-vga-assembly\hardware\qsys\video_system --family="Cyclone IV E" --part=EP4CE115F29C7
Progress: Loading qsys/video_system.qsys
Progress: Reading input file
Progress: Adding clk_0 [clock_source 18.1]
Progress: Parameterizing module clk_0
Progress: Adding jtag_uart_0 [altera_avalon_jtag_uart 18.1]
Progress: Parameterizing module jtag_uart_0
Progress: Adding nios2_gen2_0 [altera_nios2_gen2 18.1]
Progress: Parameterizing module nios2_gen2_0
Progress: Adding onchip_memory2_0 [altera_avalon_onchip_memory2 18.1]
Progress: Parameterizing module onchip_memory2_0
Progress: Building connections
Progress: Parameterizing connections
Progress: Validating
Progress: Done reading input file
Info: video_system.jtag_uart_0: JTAG UART IP input clock need to be at least double (2x) the operating frequency of JTAG TCK on board
Warning: video_system.jtag_uart_0: Interrupt sender jtag_uart_0.irq is not connected to an interrupt receiver
Info: qsys-generate succeeded.
Info: Finished: Create block symbol file (.bsf)
Info: 
Info: Starting: Create HDL design files for synthesis
Info: qsys-generate D:\Proyectos\quartus-projects\video-vga-assembly\hardware\qsys\video_system.qsys --synthesis=VERILOG --output-directory=D:\Proyectos\quartus-projects\video-vga-assembly\hardware\qsys\video_system\synthesis --family="Cyclone IV E" --part=EP4CE115F29C7
Progress: Loading qsys/video_system.qsys
Progress: Reading input file
Progress: Adding clk_0 [clock_source 18.1]
Progress: Parameterizing module clk_0
Progress: Adding jtag_uart_0 [altera_avalon_jtag_uart 18.1]
Progress: Parameterizing module jtag_uart_0
Progress: Adding nios2_gen2_0 [altera_nios2_gen2 18.1]
Progress: Parameterizing module nios2_gen2_0
Progress: Adding onchip_memory2_0 [altera_avalon_onchip_memory2 18.1]
Progress: Parameterizing module onchip_memory2_0
Progress: Building connections
Progress: Parameterizing connections
Progress: Validating
Progress: Done reading input file
Info: video_system.jtag_uart_0: JTAG UART IP input clock need to be at least double (2x) the operating frequency of JTAG TCK on board
Warning: video_system.jtag_uart_0: Interrupt sender jtag_uart_0.irq is not connected to an interrupt receiver
Info: video_system: Generating video_system "video_system" for QUARTUS_SYNTH
Info: jtag_uart_0: Starting RTL generation for module 'video_system_jtag_uart_0'
Info: jtag_uart_0:   Generation command is [exec D:/quartus/18.1/quartus/bin64/perl/bin/perl.exe -I D:/quartus/18.1/quartus/bin64/perl/lib -I D:/quartus/18.1/quartus/sopc_builder/bin/europa -I D:/quartus/18.1/quartus/sopc_builder/bin/perl_lib -I D:/quartus/18.1/quartus/sopc_builder/bin -I D:/quartus/18.1/quartus/../ip/altera/sopc_builder_ip/common -I D:/quartus/18.1/quartus/../ip/altera/sopc_builder_ip/altera_avalon_jtag_uart -- D:/quartus/18.1/quartus/../ip/altera/sopc_builder_ip/altera_avalon_jtag_uart/generate_rtl.pl --name=video_system_jtag_uart_0 --dir=C:/Users/Juan/AppData/Local/Temp/alt0600_1429254477656289339.dir/0002_jtag_uart_0_gen/ --quartus_dir=D:/quartus/18.1/quartus --verilog --config=C:/Users/Juan/AppData/Local/Temp/alt0600_1429254477656289339.dir/0002_jtag_uart_0_gen//video_system_jtag_uart_0_component_configuration.pl  --do_build_sim=0  ]
Info: jtag_uart_0: Done RTL generation for module 'video_system_jtag_uart_0'
Info: jtag_uart_0: "video_system" instantiated altera_avalon_jtag_uart "jtag_uart_0"
Info: nios2_gen2_0: "video_system" instantiated altera_nios2_gen2 "nios2_gen2_0"
Info: onchip_memory2_0: Starting RTL generation for module 'video_system_onchip_memory2_0'
Info: onchip_memory2_0:   Generation command is [exec D:/quartus/18.1/quartus/bin64/perl/bin/perl.exe -I D:/quartus/18.1/quartus/bin64/perl/lib -I D:/quartus/18.1/quartus/sopc_builder/bin/europa -I D:/quartus/18.1/quartus/sopc_builder/bin/perl_lib -I D:/quartus/18.1/quartus/sopc_builder/bin -I D:/quartus/18.1/quartus/../ip/altera/sopc_builder_ip/common -I D:/quartus/18.1/quartus/../ip/altera/sopc_builder_ip/altera_avalon_onchip_memory2 -- D:/quartus/18.1/quartus/../ip/altera/sopc_builder_ip/altera_avalon_onchip_memory2/generate_rtl.pl --name=video_system_onchip_memory2_0 --dir=C:/Users/Juan/AppData/Local/Temp/alt0600_1429254477656289339.dir/0003_onchip_memory2_0_gen/ --quartus_dir=D:/quartus/18.1/quartus --verilog --config=C:/Users/Juan/AppData/Local/Temp/alt0600_1429254477656289339.dir/0003_onchip_memory2_0_gen//video_system_onchip_memory2_0_component_configuration.pl  --do_build_sim=0  ]
Info: onchip_memory2_0: Done RTL generation for module 'video_system_onchip_memory2_0'
Info: onchip_memory2_0: "video_system" instantiated altera_avalon_onchip_memory2 "onchip_memory2_0"
Info: avalon_st_adapter: Inserting error_adapter: error_adapter_0
Info: avalon_st_adapter_001: Inserting error_adapter: error_adapter_0
Info: avalon_st_adapter_002: Inserting error_adapter: error_adapter_0
Info: mm_interconnect_0: "video_system" instantiated altera_mm_interconnect "mm_interconnect_0"
Info: irq_mapper: "video_system" instantiated altera_irq_mapper "irq_mapper"
Info: rst_controller: "video_system" instantiated altera_reset_controller "rst_controller"
Info: cpu: Starting RTL generation for module 'video_system_nios2_gen2_0_cpu'
Info: cpu:   Generation command is [exec D:/Quartus/18.1/quartus/bin64//eperlcmd.exe -I D:/Quartus/18.1/quartus/bin64//perl/lib -I D:/quartus/18.1/quartus/sopc_builder/bin/europa -I D:/quartus/18.1/quartus/sopc_builder/bin/perl_lib -I D:/quartus/18.1/quartus/sopc_builder/bin -I D:/quartus/18.1/quartus/../ip/altera/nios2_ip/altera_nios2_gen2/cpu_lib -I D:/quartus/18.1/quartus/../ip/altera/nios2_ip/altera_nios2_gen2/nios_lib -I D:/quartus/18.1/quartus/../ip/altera/nios2_ip/altera_nios2_gen2 -I D:/quartus/18.1/quartus/../ip/altera/nios2_ip/altera_nios2_gen2 -- D:/quartus/18.1/quartus/../ip/altera/nios2_ip/altera_nios2_gen2/generate_rtl.epl --name=video_system_nios2_gen2_0_cpu --dir=C:/Users/Juan/AppData/Local/Temp/alt0600_1429254477656289339.dir/0006_cpu_gen/ --quartus_bindir=D:/Quartus/18.1/quartus/bin64/ --verilog --config=C:/Users/Juan/AppData/Local/Temp/alt0600_1429254477656289339.dir/0006_cpu_gen//video_system_nios2_gen2_0_cpu_processor_configuration.pl  --do_build_sim=0  ]
Info: cpu: # 2026.05.27 16:22:02 (*) Starting Nios II generation
Info: cpu: # 2026.05.27 16:22:02 (*)   Checking for plaintext license.
Info: cpu: # 2026.05.27 16:22:03 (*)   Couldn't query license setup in Quartus directory D:/Quartus/18.1/quartus/bin64/
Info: cpu: # 2026.05.27 16:22:03 (*)   Defaulting to contents of LM_LICENSE_FILE environment variable
Info: cpu: # 2026.05.27 16:22:03 (*)   LM_LICENSE_FILE environment variable is empty
Info: cpu: # 2026.05.27 16:22:03 (*)   Plaintext license not found.
Info: cpu: # 2026.05.27 16:22:03 (*)   Checking for encrypted license (non-evaluation).
Info: cpu: # 2026.05.27 16:22:04 (*)   Couldn't query license setup in Quartus directory D:/Quartus/18.1/quartus/bin64/
Info: cpu: # 2026.05.27 16:22:04 (*)   Defaulting to contents of LM_LICENSE_FILE environment variable
Info: cpu: # 2026.05.27 16:22:04 (*)   LM_LICENSE_FILE environment variable is empty
Info: cpu: # 2026.05.27 16:22:04 (*)   Encrypted license not found.  Defaulting to OCP evaluation license (produces a time-limited SOF)
Info: cpu: # 2026.05.27 16:22:04 (*)   Elaborating CPU configuration settings
Info: cpu: # 2026.05.27 16:22:04 (*)   Creating all objects for CPU
Info: cpu: # 2026.05.27 16:22:04 (*)     Testbench
Info: cpu: # 2026.05.27 16:22:04 (*)     Instruction decoding
Info: cpu: # 2026.05.27 16:22:04 (*)       Instruction fields
Info: cpu: # 2026.05.27 16:22:04 (*)       Instruction decodes
Info: cpu: # 2026.05.27 16:22:05 (*)       Signals for RTL simulation waveforms
Info: cpu: # 2026.05.27 16:22:05 (*)       Instruction controls
Info: cpu: # 2026.05.27 16:22:05 (*)     Pipeline frontend
Info: cpu: # 2026.05.27 16:22:05 (*)     Pipeline backend
Info: cpu: # 2026.05.27 16:22:08 (*)   Generating RTL from CPU objects
Info: cpu: # 2026.05.27 16:22:10 (*)   Creating encrypted RTL
Info: cpu: # 2026.05.27 16:22:11 (*) Done Nios II generation
Info: cpu: Done RTL generation for module 'video_system_nios2_gen2_0_cpu'
Info: cpu: "nios2_gen2_0" instantiated altera_nios2_gen2_unit "cpu"
Info: nios2_gen2_0_data_master_translator: "mm_interconnect_0" instantiated altera_merlin_master_translator "nios2_gen2_0_data_master_translator"
Info: jtag_uart_0_avalon_jtag_slave_translator: "mm_interconnect_0" instantiated altera_merlin_slave_translator "jtag_uart_0_avalon_jtag_slave_translator"
Info: nios2_gen2_0_data_master_agent: "mm_interconnect_0" instantiated altera_merlin_master_agent "nios2_gen2_0_data_master_agent"
Info: jtag_uart_0_avalon_jtag_slave_agent: "mm_interconnect_0" instantiated altera_merlin_slave_agent "jtag_uart_0_avalon_jtag_slave_agent"
Info: jtag_uart_0_avalon_jtag_slave_agent_rsp_fifo: "mm_interconnect_0" instantiated altera_avalon_sc_fifo "jtag_uart_0_avalon_jtag_slave_agent_rsp_fifo"
Info: router: "mm_interconnect_0" instantiated altera_merlin_router "router"
Info: router_002: "mm_interconnect_0" instantiated altera_merlin_router "router_002"
Info: nios2_gen2_0_data_master_limiter: "mm_interconnect_0" instantiated altera_merlin_traffic_limiter "nios2_gen2_0_data_master_limiter"
Info: Reusing file D:/Proyectos/quartus-projects/video-vga-assembly/hardware/qsys/video_system/synthesis/submodules/altera_avalon_sc_fifo.v
Info: cmd_demux: "mm_interconnect_0" instantiated altera_merlin_demultiplexer "cmd_demux"
Info: cmd_mux: "mm_interconnect_0" instantiated altera_merlin_multiplexer "cmd_mux"
Info: rsp_demux: "mm_interconnect_0" instantiated altera_merlin_demultiplexer "rsp_demux"
Info: rsp_mux: "mm_interconnect_0" instantiated altera_merlin_multiplexer "rsp_mux"
Info: Reusing file D:/Proyectos/quartus-projects/video-vga-assembly/hardware/qsys/video_system/synthesis/submodules/altera_merlin_arbitrator.sv
Info: avalon_st_adapter: "mm_interconnect_0" instantiated altera_avalon_st_adapter "avalon_st_adapter"
Info: error_adapter_0: "avalon_st_adapter" instantiated error_adapter "error_adapter_0"
Info: video_system: Done "video_system" with 22 modules, 42 files
Info: qsys-generate succeeded.
Info: Finished: Create HDL design files for synthesis
